<?xml version="1.0" encoding="UTF-8"?>
<testsuite name="org.gloyer057.cuffsx.CuffRecordRoundTripTest" tests="1" skipped="0" failures="0" errors="0" timestamp="2026-04-14T16:46:58.879Z" hostname="DESKTOP-VC3SUIQ" time="0.102">
  <properties/>
  <testcase name="cuffRecordRoundTrip" classname="org.gloyer057.cuffsx.CuffRecordRoundTripTest" time="0.101"/>
  <system-out><![CDATA[timestamp = 2026-04-14T19:46:58.981279600, CuffRecordRoundTripTest:cuffRecordRoundTrip = 
                              |-----------------------jqwik-----------------------
tries = 100                   | # of calls to property
checks = 100                  | # of not rejected calls
generation = RANDOMIZED       | parameters are randomly generated
after-failure = SAMPLE_FIRST  | try previously failed sample, then previous seed
when-fixed-seed = ALLOW       | fixing the random seed is allowed
edge-cases#mode = MIXIN       | edge cases are mixed in
edge-cases#total = 162        | # of all combined edge cases
edge-cases#tried = 15         | # of edge cases tried in current run
seed = 495343099365653667     | random seed to reproduce generated values


]]></system-out>
  <system-err><![CDATA[апр. 14, 2026 7:46:58 PM net.jqwik.engine.properties.RandomizedShrinkablesGenerator logEdgeCasesOutnumberTriesIfApplicable
INFO: Edge case generation exceeds number of tries. Stopped after 162 generated cases.
апр. 14, 2026 7:46:58 PM net.jqwik.engine.execution.AfterFailureParametersGenerator logAfterFailureHandling
INFO: After Failure Handling: SAMPLE_FIRST, Previous Generation: <GenerationInfo(495343099365653667, 0, [])>
]]></system-err>
</testsuite>
